Determining if the pthread_create exist failed with the following output:
Change Dir: /home/oleffa/catkin_ws/build/CMakeFiles/CMakeTmp

Run Build Command:"/usr/bin/make" "cmTryCompileExec3061959005/fast"
/usr/bin/make -f CMakeFiles/cmTryCompileExec3061959005.dir/build.make CMakeFiles/cmTryCompileExec3061959005.dir/build
make[1]: Entering directory '/home/oleffa/catkin_ws/build/CMakeFiles/CMakeTmp'
/usr/bin/cmake -E cmake_progress_report /home/oleffa/catkin_ws/build/CMakeFiles/CMakeTmp/CMakeFiles 1
Building C object CMakeFiles/cmTryCompileExec3061959005.dir/CheckSymbolExists.c.o
/usr/bin/cc    -o CMakeFiles/cmTryCompileExec3061959005.dir/CheckSymbolExists.c.o   -c /home/oleffa/catkin_ws/build/CMakeFiles/CMakeTmp/CheckSymbolExists.c
Linking C executable cmTryCompileExec3061959005
/usr/bin/cmake -E cmake_link_script CMakeFiles/cmTryCompileExec3061959005.dir/link.txt --verbose=1
/usr/bin/cc       CMakeFiles/cmTryCompileExec3061959005.dir/CheckSymbolExists.c.o  -o cmTryCompileExec3061959005 -rdynamic 
CMakeFiles/cmTryCompileExec3061959005.dir/CheckSymbolExists.c.o: In function `main':
CheckSymbolExists.c:(.text+0x16): undefined reference to `pthread_create'
collect2: error: ld returned 1 exit status
CMakeFiles/cmTryCompileExec3061959005.dir/build.make:88: recipe for target 'cmTryCompileExec3061959005' failed
make[1]: *** [cmTryCompileExec3061959005] Error 1
make[1]: Leaving directory '/home/oleffa/catkin_ws/build/CMakeFiles/CMakeTmp'
Makefile:118: recipe for target 'cmTryCompileExec3061959005/fast' failed
make: *** [cmTryCompileExec3061959005/fast] Error 2

File /home/oleffa/catkin_ws/build/CMakeFiles/CMakeTmp/CheckSymbolExists.c:
/* */
#include <pthread.h>

int main(int argc, char** argv)
{
  (void)argv;
#ifndef pthread_create
  return ((int*)(&pthread_create))[argc];
#else
  (void)argc;
  return 0;
#endif
}

Determining if the function pthread_create exists in the pthreads failed with the following output:
Change Dir: /home/oleffa/catkin_ws/build/CMakeFiles/CMakeTmp

Run Build Command:"/usr/bin/make" "cmTryCompileExec1990649761/fast"
/usr/bin/make -f CMakeFiles/cmTryCompileExec1990649761.dir/build.make CMakeFiles/cmTryCompileExec1990649761.dir/build
make[1]: Entering directory '/home/oleffa/catkin_ws/build/CMakeFiles/CMakeTmp'
/usr/bin/cmake -E cmake_progress_report /home/oleffa/catkin_ws/build/CMakeFiles/CMakeTmp/CMakeFiles 1
Building C object CMakeFiles/cmTryCompileExec1990649761.dir/CheckFunctionExists.c.o
/usr/bin/cc   -DCHECK_FUNCTION_EXISTS=pthread_create   -o CMakeFiles/cmTryCompileExec1990649761.dir/CheckFunctionExists.c.o   -c /usr/share/cmake-3.0/Modules/CheckFunctionExists.c
Linking C executable cmTryCompileExec1990649761
/usr/bin/cmake -E cmake_link_script CMakeFiles/cmTryCompileExec1990649761.dir/link.txt --verbose=1
/usr/bin/cc   -DCHECK_FUNCTION_EXISTS=pthread_create    CMakeFiles/cmTryCompileExec1990649761.dir/CheckFunctionExists.c.o  -o cmTryCompileExec1990649761 -rdynamic -lpthreads 
/usr/bin/ld: cannot find -lpthreads
collect2: error: ld returned 1 exit status
CMakeFiles/cmTryCompileExec1990649761.dir/build.make:88: recipe for target 'cmTryCompileExec1990649761' failed
make[1]: *** [cmTryCompileExec1990649761] Error 1
make[1]: Leaving directory '/home/oleffa/catkin_ws/build/CMakeFiles/CMakeTmp'
Makefile:118: recipe for target 'cmTryCompileExec1990649761/fast' failed
make: *** [cmTryCompileExec1990649761/fast] Error 2


